INFO: [VRFC 10-2263] Analyzing SystemVerilog file "C:/Users/DELL/.Code/SystemVerilog/Mario/Mario.srcs/sources_1/new/PC_TB.sv" into library xil_defaultlib
INFO: [VRFC 10-311] analyzing module PC_TB
INFO: [VRFC 10-2263] Analyzing SystemVerilog file "C:/Users/DELL/.Code/SystemVerilog/Mario/Mario.srcs/sources_1/new/ALU.sv" into library xil_defaultlib
INFO: [VRFC 10-311] analyzing module ALU
INFO: [VRFC 10-2263] Analyzing SystemVerilog file "C:/Users/DELL/.Code/SystemVerilog/Mario/Mario.srcs/sources_1/new/DataMem.sv" into library xil_defaultlib
INFO: [VRFC 10-311] analyzing module DataMem
INFO: [VRFC 10-2263] Analyzing SystemVerilog file "C:/Users/DELL/.Code/SystemVerilog/Mario/Mario.srcs/sources_1/new/RegisterFile.sv" into library xil_defaultlib
INFO: [VRFC 10-311] analyzing module RegisterFile
INFO: [VRFC 10-2263] Analyzing SystemVerilog file "C:/Users/DELL/.Code/SystemVerilog/Mario/Mario.srcs/sources_1/new/PC.sv" into library xil_defaultlib
INFO: [VRFC 10-311] analyzing module PC
INFO: [VRFC 10-2263] Analyzing SystemVerilog file "C:/Users/DELL/.Code/SystemVerilog/Mario/Mario.srcs/sources_1/new/CU_WB.sv" into library xil_defaultlib
INFO: [VRFC 10-311] analyzing module CU_WB
INFO: [VRFC 10-2263] Analyzing SystemVerilog file "C:/Users/DELL/.Code/SystemVerilog/Mario/Mario.srcs/sources_1/new/CU_EX.sv" into library xil_defaultlib
INFO: [VRFC 10-311] analyzing module CU_EX
INFO: [VRFC 10-2263] Analyzing SystemVerilog file "C:/Users/DELL/.Code/SystemVerilog/Mario/Mario.srcs/sources_1/new/CU_MEM.sv" into library xil_defaultlib
INFO: [VRFC 10-311] analyzing module CU_MEM
INFO: [VRFC 10-2263] Analyzing SystemVerilog file "C:/Users/DELL/.Code/SystemVerilog/Mario/Mario.srcs/sources_1/new/CU_ID.sv" into library xil_defaultlib
INFO: [VRFC 10-311] analyzing module CU_ID
INFO: [VRFC 10-2263] Analyzing SystemVerilog file "C:/Users/DELL/.Code/SystemVerilog/Mario/Mario.srcs/sources_1/new/CU.sv" into library xil_defaultlib
INFO: [VRFC 10-311] analyzing module CU
WARNING: [VRFC 10-2938] 'XBOut' is already implicitly declared on line 51 [C:/Users/DELL/.Code/SystemVerilog/Mario/Mario.srcs/sources_1/new/CU.sv:68]
WARNING: [VRFC 10-2938] 'ALUWE' is already implicitly declared on line 63 [C:/Users/DELL/.Code/SystemVerilog/Mario/Mario.srcs/sources_1/new/CU.sv:70]
WARNING: [VRFC 10-2938] 'EXOverlayD' is already implicitly declared on line 76 [C:/Users/DELL/.Code/SystemVerilog/Mario/Mario.srcs/sources_1/new/CU.sv:90]
WARNING: [VRFC 10-2938] 'EXOverlayS' is already implicitly declared on line 74 [C:/Users/DELL/.Code/SystemVerilog/Mario/Mario.srcs/sources_1/new/CU.sv:91]
WARNING: [VRFC 10-2938] 'XnoWriters' is already implicitly declared on line 72 [C:/Users/DELL/.Code/SystemVerilog/Mario/Mario.srcs/sources_1/new/CU.sv:93]
WARNING: [VRFC 10-2938] 'MDOut' is already implicitly declared on line 109 [C:/Users/DELL/.Code/SystemVerilog/Mario/Mario.srcs/sources_1/new/CU.sv:119]
INFO: [VRFC 10-2263] Analyzing SystemVerilog file "C:/Users/DELL/.Code/SystemVerilog/Mario/Mario.srcs/sources_1/new/BypassOverlay.sv" into library xil_defaultlib
INFO: [VRFC 10-311] analyzing module BypassOverlay
INFO: [VRFC 10-2263] Analyzing SystemVerilog file "C:/Users/DELL/.Code/SystemVerilog/Mario/Mario.srcs/sources_1/new/CPU.sv" into library xil_defaultlib
INFO: [VRFC 10-311] analyzing module CPU
INFO: [VRFC 10-2263] Analyzing SystemVerilog file "C:/Users/DELL/.Code/SystemVerilog/Mario/Mario.srcs/sim_1/new/ALU_TB.sv" into library xil_defaultlib
INFO: [VRFC 10-311] analyzing module ALU_TB
INFO: [VRFC 10-2263] Analyzing SystemVerilog file "C:/Users/DELL/.Code/SystemVerilog/Mario/Mario.srcs/sim_1/new/DataMemTB.sv" into library xil_defaultlib
INFO: [VRFC 10-311] analyzing module DataMemTB
INFO: [VRFC 10-2263] Analyzing SystemVerilog file "C:/Users/DELL/.Code/SystemVerilog/Mario/Mario.srcs/sim_1/new/RegisterFileTB.sv" into library xil_defaultlib
INFO: [VRFC 10-311] analyzing module RegisterFileTB
INFO: [VRFC 10-2263] Analyzing SystemVerilog file "C:/Users/DELL/.Code/SystemVerilog/Mario/Mario.srcs/sim_1/new/CU_WB_TB.sv" into library xil_defaultlib
INFO: [VRFC 10-311] analyzing module CU_WB_TB
INFO: [VRFC 10-2263] Analyzing SystemVerilog file "C:/Users/DELL/.Code/SystemVerilog/Mario/Mario.srcs/sim_1/new/CU_EX_TB.sv" into library xil_defaultlib
INFO: [VRFC 10-311] analyzing module CU_EX_TB
INFO: [VRFC 10-2263] Analyzing SystemVerilog file "C:/Users/DELL/.Code/SystemVerilog/Mario/Mario.srcs/sim_1/new/CU_MEM_TB.sv" into library xil_defaultlib
INFO: [VRFC 10-311] analyzing module CU_MEM_TB
WARNING: [VRFC 10-8497] literal value 'hBEEF truncated to fit in 10 bits [C:/Users/DELL/.Code/SystemVerilog/Mario/Mario.srcs/sim_1/new/CU_MEM_TB.sv:35]
WARNING: [VRFC 10-8497] literal value 'hCACA truncated to fit in 10 bits [C:/Users/DELL/.Code/SystemVerilog/Mario/Mario.srcs/sim_1/new/CU_MEM_TB.sv:45]
INFO: [VRFC 10-2263] Analyzing SystemVerilog file "C:/Users/DELL/.Code/SystemVerilog/Mario/Mario.srcs/sim_1/new/CU_ID_TB.sv" into library xil_defaultlib
INFO: [VRFC 10-311] analyzing module CU_ID_TB
INFO: [VRFC 10-2263] Analyzing SystemVerilog file "C:/Users/DELL/.Code/SystemVerilog/Mario/Mario.srcs/sim_1/new/CU_TB.sv" into library xil_defaultlib
INFO: [VRFC 10-311] analyzing module CU_TB
INFO: [VRFC 10-2263] Analyzing SystemVerilog file "C:/Users/DELL/.Code/SystemVerilog/Mario/Mario.srcs/sim_1/new/CU_BPV_TB.sv" into library xil_defaultlib
INFO: [VRFC 10-311] analyzing module CU_BPV_TB
INFO: [VRFC 10-2263] Analyzing SystemVerilog file "C:/Users/DELL/.Code/SystemVerilog/Mario/Mario.srcs/sim_1/new/CPU_TB.sv" into library xil_defaultlib
INFO: [VRFC 10-311] analyzing module CPU_TB
INFO: [VRFC 10-2263] Analyzing SystemVerilog file "C:/Users/DELL/.Code/SystemVerilog/Mario/Mario.srcs/sim_1/new/CPUSandbox.sv" into library xil_defaultlib
INFO: [VRFC 10-311] analyzing module CPUSandbox
